2025-09-13 16:01:40.402 [INFO ] [main]  com.author.chen.TliasWebApplication - Starting TliasWebApplication using Java 17.0.8 with PID 47664 (D:\code\java\codeStore\webProject-tlias\webProject-tlias\tlias-web\target\classes started by Chen in D:\code\java\codeStore\webProject-tlias\webProject-tlias)
2025-09-13 16:01:40.405 [INFO ] [main]  com.author.chen.TliasWebApplication - No active profile set, falling back to 1 default profile: "default"
2025-09-13 16:01:41.011 [INFO ] [main]  o.s.b.w.e.tomcat.TomcatWebServer - Tomcat initialized with port 8080 (http)
2025-09-13 16:01:41.020 [INFO ] [main]  o.a.coyote.http11.Http11NioProtocol - Initializing ProtocolHandler ["http-nio-8080"]
2025-09-13 16:01:41.022 [INFO ] [main]  o.a.catalina.core.StandardService - Starting service [Tomcat]
2025-09-13 16:01:41.022 [INFO ] [main]  o.a.catalina.core.StandardEngine - Starting Servlet engine: [Apache Tomcat/10.1.44]
2025-09-13 16:01:41.055 [INFO ] [main]  o.a.c.c.C.[Tomcat].[localhost].[/] - Initializing Spring embedded WebApplicationContext
2025-09-13 16:01:41.056 [INFO ] [main]  o.s.b.w.s.c.ServletWebServerApplicationContext - Root WebApplicationContext: initialization completed in 616 ms
2025-09-13 16:01:41.396 [INFO ] [main]  o.a.coyote.http11.Http11NioProtocol - Starting ProtocolHandler ["http-nio-8080"]
2025-09-13 16:01:41.412 [INFO ] [main]  o.s.b.w.e.tomcat.TomcatWebServer - Tomcat started on port 8080 (http) with context path '/'
2025-09-13 16:01:41.419 [INFO ] [main]  com.author.chen.TliasWebApplication - Started TliasWebApplication in 1.297 seconds (process running for 2.214)
2025-09-13 16:01:56.984 [INFO ] [http-nio-8080-exec-1]  o.a.c.c.C.[Tomcat].[localhost].[/] - Initializing Spring DispatcherServlet 'dispatcherServlet'
2025-09-13 16:01:56.984 [INFO ] [http-nio-8080-exec-1]  o.s.web.servlet.DispatcherServlet - Initializing Servlet 'dispatcherServlet'
2025-09-13 16:01:56.984 [INFO ] [http-nio-8080-exec-1]  o.s.web.servlet.DispatcherServlet - Completed initialization in 0 ms
2025-09-13 16:01:57.014 [INFO ] [http-nio-8080-exec-1]  com.zaxxer.hikari.HikariDataSource - HikariPool-1 - Starting...
2025-09-13 16:01:57.237 [INFO ] [http-nio-8080-exec-1]  com.zaxxer.hikari.pool.HikariPool - HikariPool-1 - Added connection com.mysql.cj.jdbc.ConnectionImpl@27b478b7
2025-09-13 16:01:57.239 [INFO ] [http-nio-8080-exec-1]  com.zaxxer.hikari.HikariDataSource - HikariPool-1 - Start completed.
2025-09-13 16:01:57.283 [INFO ] [http-nio-8080-exec-1]  c.a.chen.controller.DeptController - 查询所有部门：[Dept(id=3, name=咨询部1, createTime=2024-09-25T09:47:40, updateTime=2025-09-13T14:29:49), Dept(id=5, name=人事部2, createTime=2024-09-25T09:47:40, updateTime=2025-09-13T14:29:44), Dept(id=11, name=22233, createTime=2025-09-13T14:08:07, updateTime=2025-09-13T14:08:07), Dept(id=10, name=财务部, createTime=2025-09-13T14:03:19, updateTime=2025-09-13T14:03:19), Dept(id=9, name=111, createTime=2025-09-13T13:56:31, updateTime=2025-09-13T13:56:31), Dept(id=8, name=雷普部, createTime=2025-09-13T13:52:25, updateTime=2025-09-13T13:52:25), Dept(id=7, name=123545, createTime=2025-09-13T13:51:43, updateTime=2025-09-13T13:51:43), Dept(id=1, name=学工部, createTime=2024-09-25T09:47:40, updateTime=2024-09-25T09:47:40)]
2025-09-13 16:02:44.399 [INFO ] [http-nio-8080-exec-2]  c.a.chen.controller.DeptController - 删除部门id为:3 
2025-09-13 16:02:44.418 [INFO ] [http-nio-8080-exec-4]  c.a.chen.controller.DeptController - 查询所有部门：[Dept(id=5, name=人事部2, createTime=2024-09-25T09:47:40, updateTime=2025-09-13T14:29:44), Dept(id=11, name=22233, createTime=2025-09-13T14:08:07, updateTime=2025-09-13T14:08:07), Dept(id=10, name=财务部, createTime=2025-09-13T14:03:19, updateTime=2025-09-13T14:03:19), Dept(id=9, name=111, createTime=2025-09-13T13:56:31, updateTime=2025-09-13T13:56:31), Dept(id=8, name=雷普部, createTime=2025-09-13T13:52:25, updateTime=2025-09-13T13:52:25), Dept(id=7, name=123545, createTime=2025-09-13T13:51:43, updateTime=2025-09-13T13:51:43), Dept(id=1, name=学工部, createTime=2024-09-25T09:47:40, updateTime=2024-09-25T09:47:40)]
2025-09-13 16:02:51.397 [INFO ] [http-nio-8080-exec-3]  c.a.chen.controller.DeptController - 查询id为 Dept(id=5, name=人事部2, createTime=2024-09-25T09:47:40, updateTime=2025-09-13T14:29:44) 的用户为 Dept(id=5, name=人事部2, createTime=2024-09-25T09:47:40, updateTime=2025-09-13T14:29:44)
2025-09-13 16:02:54.002 [INFO ] [http-nio-8080-exec-5]  c.a.chen.controller.DeptController - 查询所有部门：[Dept(id=5, name=人事部2, createTime=2024-09-25T09:47:40, updateTime=2025-09-13T14:29:44), Dept(id=11, name=22233, createTime=2025-09-13T14:08:07, updateTime=2025-09-13T14:08:07), Dept(id=10, name=财务部, createTime=2025-09-13T14:03:19, updateTime=2025-09-13T14:03:19), Dept(id=9, name=111, createTime=2025-09-13T13:56:31, updateTime=2025-09-13T13:56:31), Dept(id=8, name=雷普部, createTime=2025-09-13T13:52:25, updateTime=2025-09-13T13:52:25), Dept(id=7, name=123545, createTime=2025-09-13T13:51:43, updateTime=2025-09-13T13:51:43), Dept(id=1, name=学工部, createTime=2024-09-25T09:47:40, updateTime=2024-09-25T09:47:40)]
2025-09-13 16:03:51.985 [INFO ] [SpringApplicationShutdownHook]  o.s.b.w.e.tomcat.GracefulShutdown - Commencing graceful shutdown. Waiting for active requests to complete
2025-09-13 16:03:52.220 [INFO ] [tomcat-shutdown]  o.s.b.w.e.tomcat.GracefulShutdown - Graceful shutdown complete
2025-09-13 16:03:52.223 [INFO ] [SpringApplicationShutdownHook]  com.zaxxer.hikari.HikariDataSource - HikariPool-1 - Shutdown initiated...
2025-09-13 16:03:52.229 [INFO ] [SpringApplicationShutdownHook]  com.zaxxer.hikari.HikariDataSource - HikariPool-1 - Shutdown completed.
